        -:    0:Source:X:/filesProject/main.cpp
        -:    0:Graph:X:\filesProject\cmake-build-debug-coverage\CMakeFiles\filesProject.dir\main.cpp.gcno
        -:    0:Data:X:\filesProject\cmake-build-debug-coverage\CMakeFiles\filesProject.dir\main.cpp.gcda
        -:    0:Runs:1
        -:    0:Source is newer than graph
        -:    1:#include <bits/stdc++.h>
        -:    2:
        -:    3:#define endl "\n"
        -:    4:using namespace std;
        -:    5:#define DELETE_FLAG '$'
        -:    6:
function _Z7arrsizePc called 0 returned 0% blocks executed 0%
    #####:    7:int arrsize(char *arr) {
    #####:    8:    int number = 0;
    #####:    9:    while (*arr++) {
    %%%%%:    9-block  0
    %%%%%:    9-block  1
branch  0 never executed
branch  1 never executed
    #####:   10:        number++;
    %%%%%:   10-block  0
        -:   11:    }
    #####:   12:    return number;
    %%%%%:   12-block  0
        -:   13:}
        -:   14:
        -:   15:class Employee {
        -:   16:private:
        -:   17:    char *emp_id = new char[13]; ///primary key
        -:   18:    char *dept_id = new char[30]; ///secondary key
        -:   19:    char *emp_name = new char[50];
        -:   20:    char *emp_pos = new char[50];
        -:   21:    char delim = '|';
        -:   22:    int empidSize;
        -:   23:    int depidSize;
        -:   24:    int nameSize;
        -:   25:    int posSize;
        -:   26:    int RecordSize;
        -:   27:
        -:   28:public:
function _ZN8EmployeeC1Ev called 0 returned 0% blocks executed 0%
    #####:   29:    Employee() {}
    %%%%%:   29-block  0
call    0 never executed
call    1 never executed
call    2 never executed
call    3 never executed
        -:   30:
function _ZN8EmployeeC1EPKcS1_S1_S1_ called 0 returned 0% blocks executed 0%
    #####:   31:    Employee(const char *emp_id, const char *dept_id, const char *emp_name, const char *emp_pos) {
    %%%%%:   31-block  0
call    0 never executed
call    1 never executed
call    2 never executed
call    3 never executed
    #####:   32:        strcpy(this->emp_id, emp_id);
    #####:   33:        strcpy(this->dept_id, dept_id);
    #####:   34:        strcpy(this->emp_name, emp_name);
    #####:   35:        strcpy(this->emp_pos, emp_pos);
    #####:   36:        empidSize = arrsize(this->get_emp_id());
call    0 never executed
call    1 never executed
    #####:   37:        depidSize = arrsize(this->get_dept_id());
call    0 never executed
call    1 never executed
    #####:   38:        nameSize = arrsize(this->get_emp_name());
call    0 never executed
call    1 never executed
    #####:   39:        posSize = arrsize(this->get_emp_pos());
call    0 never executed
call    1 never executed
    #####:   40:        RecordSize = empidSize + depidSize + nameSize + posSize + 5;
        -:   41:
    #####:   42:    }
        -:   43:
function _ZN8Employee10set_emp_idEPKc called 0 returned 0% blocks executed 0%
    #####:   44:    void set_emp_id(const char *emp_id) {
    #####:   45:        strcpy(this->emp_id, emp_id);
    #####:   46:    }
        -:   47:
function _ZN8Employee11set_dept_idEPKc called 0 returned 0% blocks executed 0%
    #####:   48:    void set_dept_id(const char *dept_id) {
    #####:   49:        strcpy(this->dept_id, dept_id);
    #####:   50:    }
        -:   51:
function _ZN8Employee12set_emp_nameEPKc called 0 returned 0% blocks executed 0%
    #####:   52:    void set_emp_name(const char *emp_name) {
    #####:   53:        strcpy(this->emp_name, emp_name);
    #####:   54:    }
        -:   55:
function _ZN8Employee11set_emp_posEPKc called 0 returned 0% blocks executed 0%
    #####:   56:    void set_emp_pos(const char *emp_pos) {
    #####:   57:        strcpy(this->emp_pos, emp_pos);
    #####:   58:    }
        -:   59:
function _ZN8Employee10get_emp_idEv called 0 returned 0% blocks executed 0%
    #####:   60:    char *get_emp_id() {
    #####:   61:        return this->emp_id;
    %%%%%:   61-block  0
        -:   62:    }
        -:   63:
function _ZN8Employee11get_dept_idEv called 0 returned 0% blocks executed 0%
    #####:   64:    char *get_dept_id() {
    #####:   65:        return this->dept_id;
    %%%%%:   65-block  0
        -:   66:    }
        -:   67:
function _ZN8Employee12get_emp_nameEv called 0 returned 0% blocks executed 0%
    #####:   68:    char *get_emp_name() {
    #####:   69:        return this->emp_name;
    %%%%%:   69-block  0
        -:   70:    }
        -:   71:
function _ZN8Employee11get_emp_posEv called 0 returned 0% blocks executed 0%
    #####:   72:    char *get_emp_pos() {
    #####:   73:        return this->emp_pos;
    %%%%%:   73-block  0
        -:   74:    }
        -:   75:
function _ZN8Employee15get_record_sizeEv called 0 returned 0% blocks executed 0%
    #####:   76:    int get_record_size() {
    #####:   77:        return this->RecordSize;
    %%%%%:   77-block  0
        -:   78:    }
        -:   79:
function _ZN8Employee5printEv called 0 returned 0% blocks executed 0%
    #####:   80:    void print() {
    #####:   81:        cout << "Employee ID: " << this->get_emp_id() << endl;
    %%%%%:   81-block  0
call    0 never executed
call    1 never executed
call    2 never executed
call    3 never executed
    #####:   82:        cout << "Department ID: " << this->get_dept_id() << endl;
call    0 never executed
call    1 never executed
call    2 never executed
call    3 never executed
    #####:   83:        cout << "Employee name: " << this->get_emp_name() << endl;
call    0 never executed
call    1 never executed
call    2 never executed
call    3 never executed
    #####:   84:        cout << "Employee Position: " << this->get_emp_pos() << endl;
call    0 never executed
call    1 never executed
call    2 never executed
call    3 never executed
    #####:   85:        cout << "-------------------------------------------------\n";
call    0 never executed
    #####:   86:    }
        -:   87:
function _ZN8Employee13writeEmployeeERSt13basic_fstreamIcSt11char_traitsIcEE called 0 returned 0% blocks executed 0%
    #####:   88:    void writeEmployee(fstream &file) {
        -:   89:
    #####:   90:        file << (RecordSize);
    %%%%%:   90-block  0
call    0 never executed
        -:   91:
    #####:   92:        file << delim;
call    0 never executed
        -:   93:
    #####:   94:        file.write(this->get_emp_id(), empidSize);
call    0 never executed
call    1 never executed
        -:   95:
    #####:   96:        file << delim;
call    0 never executed
        -:   97:
    #####:   98:        file.write(this->get_dept_id(), depidSize);
call    0 never executed
call    1 never executed
        -:   99:
    #####:  100:        file << delim;
call    0 never executed
        -:  101:
    #####:  102:        file.write(this->get_emp_name(), nameSize);
call    0 never executed
call    1 never executed
        -:  103:
    #####:  104:        file << delim;
call    0 never executed
        -:  105:
    #####:  106:        file.write(this->get_emp_pos(), posSize);
call    0 never executed
call    1 never executed
        -:  107:
    #####:  108:        file << delim;
call    0 never executed
    #####:  109:    }
        -:  110:
function _ZN8Employee12readEmployeeERSt13basic_fstreamIcSt11char_traitsIcEEi called 0 returned 0% blocks executed 0%
    #####:  111:    void readEmployee(fstream &file, int offset) {
    #####:  112:        string x;
    %%%%%:  112-block  0
call    0 never executed
        -:  113:        char c;
    #####:  114:        int nextDel = -1;
        -:  115:
    #####:  116:        if (c == DELETE_FLAG) {
branch  0 never executed
branch  1 never executed
    #####:  117:            cout << "deleted record" << endl;
    %%%%%:  117-block  0
call    0 never executed
branch  1 never executed
branch  2 never executed
    %%%%%:  117-block  1
call    3 never executed
branch  4 never executed
branch  5 never executed
    #####:  118:            return;
    %%%%%:  118-block  0
        -:  119:        }
    #####:  120:        file.seekg(offset, ios::beg);
    %%%%%:  120-block  0
call    0 never executed
branch  1 never executed
branch  2 never executed
    #####:  121:        getline(file, x, '|');
    %%%%%:  121-block  0
call    0 never executed
branch  1 never executed
branch  2 never executed
    #####:  122:        this->RecordSize = stoi(x);
    %%%%%:  122-block  0
call    0 never executed
branch  1 never executed
branch  2 never executed
    #####:  123:        getline(file, x, '|');
    %%%%%:  123-block  0
call    0 never executed
branch  1 never executed
branch  2 never executed
    #####:  124:        this->set_emp_id(x.c_str());
    %%%%%:  124-block  0
call    0 never executed
call    1 never executed
    #####:  125:        getline(file, x, '|');
call    0 never executed
branch  1 never executed
branch  2 never executed
    #####:  126:        this->set_dept_id(x.c_str());
    %%%%%:  126-block  0
call    0 never executed
call    1 never executed
    #####:  127:        getline(file, x, '|');
call    0 never executed
branch  1 never executed
branch  2 never executed
    #####:  128:        this->set_emp_name(x.c_str());
    %%%%%:  128-block  0
call    0 never executed
call    1 never executed
    #####:  129:        getline(file, x, '|');
call    0 never executed
branch  1 never executed
branch  2 never executed
    #####:  130:        this->set_emp_pos(x.c_str());
    %%%%%:  130-block  0
call    0 never executed
call    1 never executed
    #####:  131:    }
    %%%%%:  131-block  0
call    0 never executed
branch  1 never executed
branch  2 never executed
    $$$$$:  131-block  1
call    3 never executed
        -:  132:};
        -:  133:
        -:  134:class Department {
        -:  135:private:
        -:  136:    char *dept_id = new char[30]; /// primary key
        -:  137:    char *dept_name = new char[50]; ///secondary key
        -:  138:    char *dept_man = new char[50];
        -:  139:    char delim = '|';
        -:  140:    int idSize;
        -:  141:    int nameSize;
        -:  142:    int manSize;
        -:  143:    int RecordSize;
        -:  144:public:
        -:  145:    Department() {}
        -:  146:
function _ZN10DepartmentC1EPKcS1_S1_ called 0 returned 0% blocks executed 0%
    #####:  147:    Department(const char *dept_id, const char *dept_name, const char *dept_man) {
    %%%%%:  147-block  0
call    0 never executed
call    1 never executed
call    2 never executed
    #####:  148:        strcpy(this->dept_id, dept_id);
    #####:  149:        strcpy(this->dept_name, dept_name);
    #####:  150:        strcpy(this->dept_man, dept_man);
    #####:  151:        idSize = arrsize(this->get_dept_id());
call    0 never executed
call    1 never executed
    #####:  152:        nameSize = arrsize(this->get_dept_name());
call    0 never executed
call    1 never executed
    #####:  153:        manSize = arrsize(this->get_dept_man());
call    0 never executed
call    1 never executed
    #####:  154:        RecordSize = idSize + nameSize + manSize;
    #####:  155:    }
        -:  156:
        -:  157:    void set_dept_id(const char *dept_id) {
        -:  158:        strcpy(this->dept_id, dept_id);
        -:  159:    }
        -:  160:
        -:  161:    void set_dept_name(const char *dept_name) {
        -:  162:        strcpy(this->dept_name, dept_name);
        -:  163:    }
        -:  164:
        -:  165:    void set_dept_man(const char *dept_man) {
        -:  166:        strcpy(this->dept_man, dept_man);
        -:  167:    }
        -:  168:
function _ZN10Department11get_dept_idEv called 0 returned 0% blocks executed 0%
    #####:  169:    char *get_dept_id() {
    #####:  170:        return this->dept_id;
    %%%%%:  170-block  0
        -:  171:    }
        -:  172:
function _ZN10Department13get_dept_nameEv called 0 returned 0% blocks executed 0%
    #####:  173:    char *get_dept_name() {
    #####:  174:        return this->dept_name;
    %%%%%:  174-block  0
        -:  175:    }
        -:  176:
function _ZN10Department12get_dept_manEv called 0 returned 0% blocks executed 0%
    #####:  177:    char *get_dept_man() {
    #####:  178:        return this->dept_man;
    %%%%%:  178-block  0
        -:  179:    }
        -:  180:
function _ZN10Department5printEv called 0 returned 0% blocks executed 0%
    #####:  181:    void print() {
    #####:  182:        cout << "Department ID: " << this->get_dept_id() << endl;
    %%%%%:  182-block  0
call    0 never executed
call    1 never executed
call    2 never executed
call    3 never executed
    #####:  183:        cout << "Department name: " << this->get_dept_name() << endl;
call    0 never executed
call    1 never executed
call    2 never executed
call    3 never executed
    #####:  184:        cout << "Department Manager: " << this->get_dept_man() << endl;
call    0 never executed
call    1 never executed
call    2 never executed
call    3 never executed
    #####:  185:        cout << "-------------------------------------------------\n";
call    0 never executed
    #####:  186:    }
        -:  187:
function _ZN10Department15writeDepartmentERSt13basic_fstreamIcSt11char_traitsIcEE called 0 returned 0% blocks executed 0%
    #####:  188:    void writeDepartment(fstream &file) {
        -:  189:
    #####:  190:        file << (RecordSize + 4);
    %%%%%:  190-block  0
call    0 never executed
        -:  191:
    #####:  192:        file << delim;
call    0 never executed
        -:  193:
    #####:  194:        file.write(this->get_dept_id(), idSize);
call    0 never executed
call    1 never executed
        -:  195:
    #####:  196:        file << delim;
call    0 never executed
        -:  197:
    #####:  198:        file.write(this->get_dept_name(), nameSize);
call    0 never executed
call    1 never executed
        -:  199:
    #####:  200:        file << delim;
call    0 never executed
        -:  201:
    #####:  202:        file.write(this->get_dept_man(), manSize);
call    0 never executed
call    1 never executed
        -:  203:
    #####:  204:        file << delim;
call    0 never executed
    #####:  205:    }
        -:  206:
        -:  207:    void readDepartment(ifstream &file) {
        -:  208:        string x;
        -:  209:        char c;
        -:  210:        int nextDel = -1;
        -:  211:
        -:  212:        if (c == DELETE_FLAG) {
        -:  213:            cout << "deleted record" << endl;
        -:  214:            return;
        -:  215:        }
        -:  216:        getline(file, x, '|');
        -:  217:        this->RecordSize = stoi(x);
        -:  218:        getline(file, x, '|');
        -:  219:        this->set_dept_id(x.c_str());
        -:  220:        getline(file, x, '|');
        -:  221:        this->set_dept_name(x.c_str());
        -:  222:        getline(file, x, '|');
        -:  223:        this->set_dept_man(x.c_str());
        -:  224:    }
        -:  225:};
        -:  226:
        -:  227:
        -:  228:///Some Random Names to make data look real
        -:  229:string names[] = {"Zeyad D.", "Youssef W.", "Yahia H.", "Yahia A.", "David M.", "Ahmed M.", "Ahmed N.", "Eyad R.",
        -:  230:                  "Michael E.", "A random dude"};
        -:  231:string deps[] = {"IS", "CS", "AI", "DS", "IT"};
        -:  232:string depsMangers[] = {"Ahmed", "Mohamed", "Sayed", "Mahmoud", "Mostafa"};
        -:  233:
        -:  234:/*
        -:  235:void fillEmployees(fstream &file) { ///fills Employees Array
        -:  236:    string x = "Software Engineer";
        -:  237:    int numberOfEmployees;
        -:  238:    cout << "Enter Number of employees: ";
        -:  239:    cin >> numberOfEmployees;
        -:  240:    for (int i = 0; i < numberOfEmployees; i++) {
        -:  241:        employees[i] = new Employee(to_string(i + 1).c_str(), to_string((i % 5) + 1).c_str(),
        -:  242:                                    (names[i % 10]).c_str(), x.c_str());
        -:  243:        employees[i]->writeEmployee(file);
        -:  244:        employees[i]->print();
        -:  245:        cout << endl;
        -:  246:    }
        -:  247:}
        -:  248: */
        -:  249:
function _Z16takeEmployeeInfov called 0 returned 0% blocks executed 0%
    #####:  250:Employee *takeEmployeeInfo() {
    #####:  251:    cout << "Enter Employee ID: ";
    %%%%%:  251-block  0
call    0 never executed
branch  1 never executed
branch  2 never executed
    #####:  252:    string ID;
    %%%%%:  252-block  0
call    0 never executed
    #####:  253:    cin >> ID;
call    0 never executed
branch  1 never executed
branch  2 never executed
    #####:  254:    cout << "Enter Department ID: ";
    %%%%%:  254-block  0
call    0 never executed
branch  1 never executed
branch  2 never executed
    #####:  255:    string deptID;
    %%%%%:  255-block  0
call    0 never executed
    #####:  256:    cin >> deptID;
call    0 never executed
branch  1 never executed
branch  2 never executed
    #####:  257:    cout << "Enter Employee Name: ";
    %%%%%:  257-block  0
call    0 never executed
branch  1 never executed
branch  2 never executed
    #####:  258:    string name;
    %%%%%:  258-block  0
call    0 never executed
    #####:  259:    cin.ignore();
call    0 never executed
branch  1 never executed
branch  2 never executed
    #####:  260:    getline(cin, name, '\n');
    %%%%%:  260-block  0
call    0 never executed
branch  1 never executed
branch  2 never executed
        -:  261:
    #####:  262:    cout << "Enter Employee Position: ";
    %%%%%:  262-block  0
call    0 never executed
branch  1 never executed
branch  2 never executed
    #####:  263:    string position;
    %%%%%:  263-block  0
call    0 never executed
    #####:  264:    getline(cin, position, '\n');
call    0 never executed
branch  1 never executed
branch  2 never executed
    #####:  265:    return new Employee(ID.c_str(), deptID.c_str(),
    %%%%%:  265-block  0
call    0 never executed
call    1 never executed
    #####:  266:                        name.c_str(), position.c_str());
call    0 never executed
call    1 never executed
call    2 never executed
branch  3 never executed
branch  4 never executed
    %%%%%:  266-block  0
call    5 never executed
branch  6 never executed
branch  7 never executed
    %%%%%:  266-block  1
    $$$$$:  266-block  2
call    8 never executed
    #####:  267:}
    %%%%%:  267-block  0
call    0 never executed
call    1 never executed
call    2 never executed
call    3 never executed
    $$$$$:  267-block  1
call    4 never executed
    $$$$$:  267-block  2
call    5 never executed
    $$$$$:  267-block  3
call    6 never executed
    $$$$$:  267-block  4
call    7 never executed
        -:  268:
        -:  269:Employee *employee;
        -:  270:Department *departments[5];
        -:  271:
function _Z20writePrimaryEmployeeSt3mapIiiSt4lessIiESaISt4pairIKiiEEE called 0 returned 0% blocks executed 0%
    #####:  272:void writePrimaryEmployee(map<int, int> pri) {
    #####:  273:    fstream Index;
    %%%%%:  273-block  0
call    0 never executed
branch  1 never executed
branch  2 never executed
    #####:  274:    Index.open("EmployeePrimaryIndex.txt", ios::out);
    %%%%%:  274-block  0
call    0 never executed
branch  1 never executed
branch  2 never executed
    #####:  275:    for (auto it: pri) {
    %%%%%:  275-block  0
call    0 never executed
call    1 never executed
    %%%%%:  275-block  1
call    2 never executed
    %%%%%:  275-block  2
call    3 never executed
    %%%%%:  275-block  3
call    4 never executed
branch  5 never executed
branch  6 never executed
    #####:  276:        Index << it.first << '|' << it.second << '|';
call    0 never executed
branch  1 never executed
branch  2 never executed
    %%%%%:  276-block  0
call    3 never executed
branch  4 never executed
branch  5 never executed
    %%%%%:  276-block  1
call    6 never executed
branch  7 never executed
branch  8 never executed
    %%%%%:  276-block  2
call    9 never executed
branch 10 never executed
branch 11 never executed
        -:  277:    }
    #####:  278:    Index.close();
    %%%%%:  278-block  0
call    0 never executed
branch  1 never executed
branch  2 never executed
    #####:  279:}
    %%%%%:  279-block  0
call    0 never executed
    $$$$$:  279-block  1
call    1 never executed
        -:  280:
function _Z19readPrimaryEmployeeRSt3mapIiiSt4lessIiESaISt4pairIKiiEEE called 0 returned 0% blocks executed 0%
    #####:  281:void readPrimaryEmployee(map<int, int> &pri) {
    #####:  282:    fstream Index;
    %%%%%:  282-block  0
call    0 never executed
branch  1 never executed
branch  2 never executed
    #####:  283:    string read1, read2;
    %%%%%:  283-block  0
call    0 never executed
call    1 never executed
        -:  284:
    #####:  285:    Index.open("EmployeePrimaryIndex.txt", ios::in);
call    0 never executed
branch  1 never executed
branch  2 never executed
    #####:  286:    while (!Index.eof()) {
    %%%%%:  286-block  0
    %%%%%:  286-block  1
call    0 never executed
branch  1 never executed
branch  2 never executed
    %%%%%:  286-block  2
branch  3 never executed
branch  4 never executed
        -:  287:        int ID;
        -:  288:        int offset;
    #####:  289:        getline(Index, read1, '|');
    %%%%%:  289-block  0
call    0 never executed
branch  1 never executed
branch  2 never executed
    #####:  290:        if (read1.empty())
    %%%%%:  290-block  0
call    0 never executed
branch  1 never executed
branch  2 never executed
    #####:  291:            break;
    %%%%%:  291-block  0
    #####:  292:        ID = stoi(read1);
    %%%%%:  292-block  0
call    0 never executed
branch  1 never executed
branch  2 never executed
    #####:  293:        getline(Index, read2, '|');
    %%%%%:  293-block  0
call    0 never executed
branch  1 never executed
branch  2 never executed
    #####:  294:        offset = stoi(read2);
    %%%%%:  294-block  0
call    0 never executed
branch  1 never executed
branch  2 never executed
    #####:  295:        pri.insert(make_pair(ID, offset));
    %%%%%:  295-block  0
call    0 never executed
branch  1 never executed
branch  2 never executed
    %%%%%:  295-block  1
call    3 never executed
branch  4 never executed
branch  5 never executed
    %%%%%:  295-block  2
    $$$$$:  295-block  3
        -:  296:    }
    #####:  297:    Index.close();
    %%%%%:  297-block  0
call    0 never executed
branch  1 never executed
branch  2 never executed
    #####:  298:}
    %%%%%:  298-block  0
call    0 never executed
call    1 never executed
call    2 never executed
    $$$$$:  298-block  1
call    3 never executed
    $$$$$:  298-block  2
call    4 never executed
    $$$$$:  298-block  3
call    5 never executed
        -:  299:
function _Z13getLastOffsetRSt13basic_fstreamIcSt11char_traitsIcEERSt3mapIiiSt4lessIiESaISt4pairIKiiEEE called 0 returned 0% blocks executed 0%
    #####:  300:int getLastOffset(fstream &empFile, map<int, int> &priIndex) {
    #####:  301:    if (!priIndex.empty()) {
    %%%%%:  301-block  0
call    0 never executed
branch  1 never executed
branch  2 never executed
    #####:  302:        Employee lastEmp;
    %%%%%:  302-block  0
call    0 never executed
branch  1 never executed
branch  2 never executed
    #####:  303:        int offset = std::max_element(priIndex.begin(), priIndex.end(),
    %%%%%:  303-block  0
call    0 never executed
call    1 never executed
call    2 never executed
branch  3 never executed
branch  4 never executed
function _ZZ13getLastOffsetRSt13basic_fstreamIcSt11char_traitsIcEERSt3mapIiiSt4lessIiESaISt4pairIKiiEEEENKUlRKS7_IiiESF_E_clESF_SF_ called 0 returned 0% blocks executed 0%
    #####:  304:                                      [](const std::pair<int, int> &a, const std::pair<int, int> &b) -> bool {
    #####:  305:                                          return a.second < b.second;
    %%%%%:  305-block  0
    #####:  306:                                      })->second;
    %%%%%:  306-block  0
call    0 never executed
    #####:  307:        lastEmp.readEmployee(empFile, offset);
call    0 never executed
branch  1 never executed
branch  2 never executed
    #####:  308:        return offset + lastEmp.get_record_size() + to_string(lastEmp.get_record_size()).size();
    %%%%%:  308-block  0
call    0 never executed
call    1 never executed
call    2 never executed
branch  3 never executed
branch  4 never executed
    %%%%%:  308-block  1
call    5 never executed
call    6 never executed
        -:  309:    } else
    #####:  310:        return 0;
    %%%%%:  310-block  0
        -:  311:}
        -:  312:
function _Z22writeSecondaryEmployeeSt3mapIiSt6vectorIiSaIiEESt4lessIiESaISt4pairIKiS2_EEE called 0 returned 0% blocks executed 0%
    #####:  313:void writeSecondaryEmployee(map<int, vector<int>> secIndex) {
    #####:  314:    fstream IndexKey, IndexList;
    %%%%%:  314-block  0
call    0 never executed
branch  1 never executed
branch  2 never executed
    %%%%%:  314-block  1
call    3 never executed
branch  4 never executed
branch  5 never executed
    #####:  315:    IndexKey.open("EmployeeSecondaryIndexKey.txt", ios::out);
    %%%%%:  315-block  0
call    0 never executed
branch  1 never executed
branch  2 never executed
    #####:  316:    IndexList.open("EmployeeSecondaryIndexList.txt", ios::out);
    %%%%%:  316-block  0
call    0 never executed
branch  1 never executed
branch  2 never executed
    #####:  317:    int offset = 0, inBetween = 0;
    #####:  318:    for (auto it: secIndex) {
    %%%%%:  318-block  0
call    0 never executed
call    1 never executed
    %%%%%:  318-block  1
call    2 never executed
call    3 never executed
branch  4 never executed
branch  5 never executed
call    6 never executed
    %%%%%:  318-block  2
call    7 never executed
branch  8 never executed
branch  9 never executed
    #####:  319:        IndexKey << it.first << '|';
    %%%%%:  319-block  0
call    0 never executed
branch  1 never executed
branch  2 never executed
    %%%%%:  319-block  1
call    3 never executed
branch  4 never executed
branch  5 never executed
    #####:  320:        int firstSize = 0, lastSize = 0;
    #####:  321:        for (int i = 0; i < it.second.size(); i++) {
    %%%%%:  321-block  0
    %%%%%:  321-block  1
call    0 never executed
branch  1 never executed
branch  2 never executed
    #####:  322:            string str = to_string(it.second[i]);
    %%%%%:  322-block  0
call    0 never executed
call    1 never executed
branch  2 never executed
branch  3 never executed
        -:  323:
    #####:  324:            if (i == 0) {
    %%%%%:  324-block  0
branch  0 never executed
branch  1 never executed
    #####:  325:                IndexList << it.second[i] << '|' << i - 1 << '|';
    %%%%%:  325-block  0
call    0 never executed
call    1 never executed
branch  2 never executed
branch  3 never executed
    %%%%%:  325-block  1
call    4 never executed
branch  5 never executed
branch  6 never executed
    %%%%%:  325-block  2
call    7 never executed
branch  8 never executed
branch  9 never executed
    %%%%%:  325-block  3
call   10 never executed
branch 11 never executed
branch 12 never executed
    #####:  326:                firstSize = to_string(it.second[i]).size() + 4;
    %%%%%:  326-block  0
call    0 never executed
call    1 never executed
branch  2 never executed
branch  3 never executed
    %%%%%:  326-block  1
call    4 never executed
call    5 never executed
        -:  327:            } else if (i + 1 == it.second.size()) {
    #####:  328:                IndexList << it.second[i] << '|' << offset << '|';
    %%%%%:  328-block  0
call    0 never executed
call    1 never executed
branch  2 never executed
branch  3 never executed
    %%%%%:  328-block  1
call    4 never executed
branch  5 never executed
branch  6 never executed
    %%%%%:  328-block  2
call    7 never executed
branch  8 never executed
branch  9 never executed
    %%%%%:  328-block  3
call   10 never executed
branch 11 never executed
branch 12 never executed
    #####:  329:                lastSize = to_string(it.second[i]).size() + to_string(i).size() + 2;
    %%%%%:  329-block  0
call    0 never executed
call    1 never executed
branch  2 never executed
branch  3 never executed
    %%%%%:  329-block  1
call    4 never executed
call    5 never executed
branch  6 never executed
branch  7 never executed
    %%%%%:  329-block  2
call    8 never executed
call    9 never executed
call   10 never executed
    $$$$$:  329-block  3
call   11 never executed
    $$$$$:  329-block  4
        -:  330:            } else {
    #####:  331:                IndexList << it.second[i] << '|' << offset << '|';
    %%%%%:  331-block  0
call    0 never executed
    $$$$$:  331-block  1
call    1 never executed
    #####:  332:                offset += to_string(it.second[i]).size() + to_string(i).size() + 2;
    #####:  333:            }
    %%%%%:  333-block  0
call    0 never executed
branch  1 never executed
branch  2 never executed
    %%%%%:  333-block  1
call    3 never executed
branch  4 never executed
branch  5 never executed
    #####:  334:        }
    %%%%%:  334-block  0
call    0 never executed
    $$$$$:  334-block  1
call    1 never executed
    #####:  335:        offset += firstSize;
    %%%%%:  335-block  0
call    0 never executed
branch  1 never executed
branch  2 never executed
    #####:  336:        IndexKey << offset << '|';
    %%%%%:  336-block  0
call    0 never executed
branch  1 never executed
branch  2 never executed
    #####:  337:        offset += lastSize;
    %%%%%:  337-block  0
call    0 never executed
call    1 never executed
    $$$$$:  337-block  1
call    2 never executed
    $$$$$:  337-block  2
call    3 never executed
        -:  338:    }
        -:  339:    IndexKey.close();
        -:  340:    IndexList.close();
        -:  341:}
        -:  342:
        -:  343:/*
        -:  344:void readSecondaryEmployee(  map<int, vector<int>> secIndex) {
        -:  345:    fstream Index;
        -:  346:    string read1, read2;
        -:  347:
        -:  348:    Index.open("EmployeePrimaryIndex.txt", ios::in);
        -:  349:    while (!Index.eof()) {
        -:  350:        int ID;
        -:  351:        int offset;
        -:  352:        getline(Index, read1, '|');
        -:  353:        if (read1.empty())
        -:  354:            break;
        -:  355:        ID = stoi(read1);
        -:  356:        getline(Index, read2, '|');
        -:  357:        offset = stoi(read2);
        -:  358:        pri.insert(make_pair(ID, offset));
function _Z14addNewEmployeev called 1 returned 0% blocks executed 8%
        1:  359:    }
        1:  360:    Index.close();
        1:  360-block  0
call    0 returned 1
branch  1 taken 1 (fallthrough)
branch  2 taken 0 (throw)
        1:  361:}
        1:  361-block  0
call    0 returned 1
call    1 returned 1
call    2 returned 1
branch  3 taken 1 (fallthrough)
branch  4 taken 0 (throw)
        -:  362: */
        1:  363:void addNewEmployee() {
        1:  363-block  0
call    0 returned 1
branch  1 taken 1 (fallthrough)
branch  2 taken 0 (throw)
        1:  364:    fstream empFile;
        1:  364-block  0
call    0 returned 0
branch  1 taken 0 (fallthrough)
branch  2 taken 0 (throw)
    #####:  365:    empFile.open("Employees.txt", ios::in | ios::out | ios::app);
    %%%%%:  365-block  0
call    0 never executed
    #####:  366:    int numberOfEmployees;
call    0 never executed
branch  1 never executed
branch  2 never executed
        -:  367:    cout << "Enter Number of employees: ";
    #####:  368:    cin >> numberOfEmployees;
    %%%%%:  368-block  0
call    0 never executed
        -:  369:    map<int, int> priIndex;
    #####:  370:    readPrimaryEmployee(priIndex);
call    0 never executed
branch  1 never executed
branch  2 never executed
        -:  371:
    #####:  372:    map<int, vector<int>> secIndex;
    %%%%%:  372-block  0
    %%%%%:  372-block  1
    %%%%%:  372-block  2
branch  0 never executed
branch  1 never executed
        -:  373:
    #####:  374:    int offset = getLastOffset(empFile, priIndex);
    %%%%%:  374-block  0
call    0 never executed
branch  1 never executed
branch  2 never executed
        -:  375:
    #####:  376:    for (int i = 0; i < numberOfEmployees; i++) {
    %%%%%:  376-block  0
call    0 never executed
call    1 never executed
call    2 never executed
branch  3 never executed
branch  4 never executed
    %%%%%:  376-block  1
call    5 never executed
branch  6 never executed
branch  7 never executed
    %%%%%:  376-block  2
call    8 never executed
branch  9 never executed
branch 10 never executed
    %%%%%:  376-block  3
call   11 never executed
call   12 never executed
    $$$$$:  376-block  4
    $$$$$:  376-block  5
call   13 never executed
    $$$$$:  376-block  6
    $$$$$:  376-block  7
call   14 never executed
    $$$$$:  376-block  8
        -:  377:
    #####:  378:        employee = takeEmployeeInfo();
call    0 never executed
call    1 never executed
call    2 never executed
branch  3 never executed
branch  4 never executed
    %%%%%:  378-block  0
call    5 never executed
branch  6 never executed
branch  7 never executed
    %%%%%:  378-block  1
call    8 never executed
branch  9 never executed
branch 10 never executed
    %%%%%:  378-block  2
call   11 never executed
call   12 never executed
call   13 never executed
branch 14 never executed
branch 15 never executed
    %%%%%:  378-block  3
call   16 never executed
branch 17 never executed
branch 18 never executed
    %%%%%:  378-block  4
call   19 never executed
branch 20 never executed
branch 21 never executed
    %%%%%:  378-block  5
call   22 never executed
call   23 never executed
call   24 never executed
call   25 never executed
    $$$$$:  378-block  6
    $$$$$:  378-block  7
call   26 never executed
    $$$$$:  378-block  8
    $$$$$:  378-block  9
call   27 never executed
    $$$$$:  378-block 10
    $$$$$:  378-block 11
    $$$$$:  378-block 12
call   28 never executed
    $$$$$:  378-block 13
    $$$$$:  378-block 14
call   29 never executed
    $$$$$:  378-block 15
        -:  379:
    #####:  380:        priIndex[stoi((string) employee->get_emp_id())] = offset;
call    0 never executed
branch  1 never executed
branch  2 never executed
        -:  381:
    #####:  382:        secIndex[stoi((string) employee->get_dept_id())].push_back(stoi((string) employee->get_emp_id()));
    %%%%%:  382-block  0
call    0 never executed
branch  1 never executed
branch  2 never executed
        -:  383:
    #####:  384:        employee->writeEmployee(empFile);
    %%%%%:  384-block  0
call    0 never executed
call    1 never executed
call    2 never executed
branch  3 never executed
branch  4 never executed
    %%%%%:  384-block  1
call    5 never executed
call    6 never executed
        -:  385:
    #####:  386:        employee->print();
call    0 never executed
branch  1 never executed
branch  2 never executed
        -:  387:
    #####:  388:        offset += employee->get_record_size() + to_string(employee->get_record_size()).size();
    %%%%%:  388-block  0
branch  0 never executed
branch  1 never executed
    %%%%%:  388-block  1
call    2 never executed
        -:  389:
        -:  390:        cout << endl;
    #####:  391:        // delete employee from memory
    %%%%%:  391-block  0
call    0 never executed
branch  1 never executed
branch  2 never executed
    %%%%%:  391-block  1
call    3 never executed
branch  4 never executed
branch  5 never executed
    %%%%%:  391-block  2
call    6 never executed
    $$$$$:  391-block  3
call    7 never executed
    $$$$$:  391-block  4
    #####:  392:        delete employee;
call    0 never executed
branch  1 never executed
branch  2 never executed
    %%%%%:  392-block  0
call    3 never executed
branch  4 never executed
branch  5 never executed
    %%%%%:  392-block  1
call    6 never executed
    $$$$$:  392-block  2
call    7 never executed
    $$$$$:  392-block  3
    #####:  393:
call    0 never executed
branch  1 never executed
branch  2 never executed
    #####:  394:    }
    %%%%%:  394-block  0
call    0 never executed
call    1 never executed
call    2 never executed
    $$$$$:  394-block  1
call    3 never executed
    $$$$$:  394-block  2
call    4 never executed
    $$$$$:  394-block  3
call    5 never executed
        -:  395:    writePrimaryEmployee(priIndex);
        -:  396:    writeSecondaryEmployee(secIndex);
function _Z15fillDepartmentsRSt13basic_fstreamIcSt11char_traitsIcEE called 0 returned 0% blocks executed 0%
    #####:  397:    empFile.close();
    #####:  398:}
    %%%%%:  398-block  0
    %%%%%:  398-block  1
branch  0 never executed
branch  1 never executed
    #####:  399:
    %%%%%:  399-block  0
call    0 never executed
call    1 never executed
call    2 never executed
call    3 never executed
call    4 never executed
branch  5 never executed
branch  6 never executed
    %%%%%:  399-block  1
call    7 never executed
branch  8 never executed
branch  9 never executed
    %%%%%:  399-block  2
call   10 never executed
    $$$$$:  399-block  3
call   11 never executed
    $$$$$:  399-block  4
call   12 never executed
    #####:  400:
call    0 never executed
    #####:  401:void fillDepartments(fstream &file) { ///fills Departments Array
call    0 never executed
    #####:  402:    for (int i = 1; i <= 5; i++) {
call    0 never executed
        -:  403:        departments[i] = new Department(to_string(i).c_str(), deps[i - 1].c_str(), depsMangers[i - 1].c_str());
    #####:  404:        departments[i]->writeDepartment(file);
    %%%%%:  404-block  0
        -:  405:        departments[i]->print();
        -:  406:        cout << endl;
function _Z8testCasev called 1 returned 0% blocks executed 43%
        1:  407:    }
        1:  408:}
        1:  408-block  0
call    0 returned 1
branch  1 taken 1 (fallthrough)
branch  2 taken 0 (throw)
        -:  409:
        -:  410:
        1:  411:void testCase() {
        1:  411-block  0
call    0 returned 0
branch  1 taken 0 (fallthrough)
branch  2 taken 0 (throw)
        -:  412:    fstream depFile;
        -:  413:
        -:  414:    // depFile.open("Departments.txt", ios::out | ios::app);
        -:  415:    addNewEmployee();
        -:  416:/*
        -:  417:    //fillEmployees(empFile);
        -:  418:    fillDepartments(depFile);
        -:  419:    depFile.close();
        -:  420:    ifstream depInFile;
        -:  421:    depInFile.open("Departments.txt");
    #####:  422:    Department dep1;
    %%%%%:  422-block  0
call    0 never executed
    $$$$$:  422-block  1
call    1 never executed
        -:  423:    dep1.readDepartment(depInFile);
function main called 1 returned 0% blocks executed 67%
        1:  424:    dep1.print();
        1:  425:    */
        1:  425-block  0
call    0 returned 0
    #####:  426:}
        -:  427:
        -:  428:int main() {
        -:  429:    testCase(); ///generate 10 Employees and 5 departments
        -:  430:    return 0;
        -:  431:}
